<?xml version="1.0" encoding="UTF-8"?>
<!-- Generated by org.testng.reporters.JUnitReportReporter -->
<testsuite skipped="0" hostname="Ankit-PC" name="demo.MonsterValidations2" tests="4" failures="0" timestamp="2020-09-14T10:07:30 EDT" time="2.083" errors="0">
  <testcase name="verifyPageTitle" time="0.698" classname="demo.MonsterValidations2"/>
  <testcase name="verifyText" time="0.834" classname="demo.MonsterValidations2"/>
  <testcase name="loginBtnVisibility" time="0.383" classname="demo.MonsterValidations2"/>
  <testcase name="searchBtnEnabled" time="0.168" classname="demo.MonsterValidations2"/>
</testsuite> <!-- demo.MonsterValidations2 -->
