<?xml version="1.0" encoding="UTF-8"?>
<!-- Generated by org.testng.reporters.JUnitReportReporter -->
<testsuite skipped="0" hostname="Ankit-PC" name="demo.DifferentBrowsers" tests="1" failures="0" timestamp="2020-09-02T22:11:12 EDT" time="5.876" errors="0">
  <testcase name="openBrowser" time="5.876" classname="demo.DifferentBrowsers"/>
</testsuite> <!-- demo.DifferentBrowsers -->
