<?xml version="1.0" encoding="UTF-8"?>
<!-- Generated by org.testng.reporters.JUnitReportReporter -->
<testsuite skipped="0" hostname="Ankit-PC" name="demo.MonsterValidation" tests="4" failures="0" timestamp="2020-09-02T21:44:07 EDT" time="2.112" errors="0">
  <testcase name="verifyPageTitle" time="0.569" classname="demo.MonsterValidation"/>
  <testcase name="verifyTitle" time="0.954" classname="demo.MonsterValidation"/>
  <testcase name="verifyLoginButtonVisibility" time="0.336" classname="demo.MonsterValidation"/>
  <testcase name="searchButtonEnability" time="0.253" classname="demo.MonsterValidation"/>
</testsuite> <!-- demo.MonsterValidation -->
